<?xml version="1.0" encoding="UTF-8"?>
<!-- Generated by org.testng.reporters.JUnitReportReporter -->
<testsuite skipped="0" hostname="DESKTOP-VR1P7G4" name="com.testing.ExtentReportDemo" tests="1" failures="0" timestamp="04 Jun 2019 07:13:40 GMT" time="0.907" errors="0">
  <testcase name="loginTest" time="0.907" classname="com.testing.ExtentReportDemo"/>
</testsuite> <!-- com.testing.ExtentReportDemo -->
